0 info it worked if it ends with ok
1 verbose cli [ '/usr/local/bin/node',
1 verbose cli   '/usr/local/bin/npm',
1 verbose cli   'update',
1 verbose cli   '-g',
1 verbose cli   'bower' ]
2 info using npm@1.4.21
3 info using node@v0.13.0-pre
4 verbose request where is /bower
5 verbose request registry https://registry.npmjs.org/
6 verbose request id e6edf6475ed95fbb
7 verbose url raw /bower
8 verbose url resolving [ 'https://registry.npmjs.org/', './bower' ]
9 verbose url resolved https://registry.npmjs.org/bower
10 verbose request where is https://registry.npmjs.org/bower
11 info trying registry request attempt 1 at 00:02:12
12 verbose etag "9WQET6GYB7QHG5UFTGDH0KLIN"
13 http GET https://registry.npmjs.org/bower
14 http 200 https://registry.npmjs.org/bower
15 silly registry.get cb [ 200,
15 silly registry.get   { date: 'Sat, 08 Nov 2014 08:02:12 GMT',
15 silly registry.get     server: 'CouchDB/1.5.0 (Erlang OTP/R16B03)',
15 silly registry.get     etag: '"2C9MHUMYQWJZ6OPY4SUPHKHB5"',
15 silly registry.get     'content-type': 'application/json',
15 silly registry.get     'cache-control': 'max-age=60',
15 silly registry.get     'content-length': '105390',
15 silly registry.get     'accept-ranges': 'bytes',
15 silly registry.get     via: '1.1 varnish',
15 silly registry.get     age: '6',
15 silly registry.get     'x-served-by': 'cache-lax1421-LAX',
15 silly registry.get     'x-cache': 'HIT',
15 silly registry.get     'x-cache-hits': '1',
15 silly registry.get     'x-timer': 'S1415433732.685733,VS0,VE1',
15 silly registry.get     vary: 'Accept',
15 silly registry.get     connection: 'close' } ]
16 verbose request where is /bower
17 verbose request registry https://registry.npmjs.org/
18 verbose url raw /bower
19 verbose url resolving [ 'https://registry.npmjs.org/', './bower' ]
20 verbose url resolved https://registry.npmjs.org/bower
21 verbose request where is https://registry.npmjs.org/bower
22 info trying registry request attempt 1 at 00:02:13
23 http GET https://registry.npmjs.org/bower
24 http 200 https://registry.npmjs.org/bower
25 silly registry.get cb [ 200,
25 silly registry.get   { date: 'Sat, 08 Nov 2014 08:02:13 GMT',
25 silly registry.get     server: 'CouchDB/1.5.0 (Erlang OTP/R16B03)',
25 silly registry.get     etag: '"2C9MHUMYQWJZ6OPY4SUPHKHB5"',
25 silly registry.get     'content-type': 'application/json',
25 silly registry.get     'cache-control': 'max-age=60',
25 silly registry.get     'content-length': '105390',
25 silly registry.get     'accept-ranges': 'bytes',
25 silly registry.get     via: '1.1 varnish',
25 silly registry.get     age: '7',
25 silly registry.get     'x-served-by': 'cache-lax1425-LAX',
25 silly registry.get     'x-cache': 'HIT',
25 silly registry.get     'x-cache-hits': '1',
25 silly registry.get     'x-timer': 'S1415433733.988866,VS0,VE0',
25 silly registry.get     vary: 'Accept',
25 silly registry.get     connection: 'close' } ]
26 info outdated updating [ [ '/usr/local/lib', 'bower', '1.3.9', '1.3.12', '1.3.12', 'latest' ],
26 info outdated   [ '/usr/local/lib/node_modules/meanio',
26 info outdated     'bower',
26 info outdated     '1.3.9',
26 info outdated     '1.3.12',
26 info outdated     '1.3.12',
26 info outdated     '^1.3.8' ] ]
27 verbose install where,what [ '/usr/local/lib', [ 'bower@1.3.12' ] ]
28 verbose install where,what [ '/usr/local/lib/node_modules/meanio', [ 'bower@1.3.12' ] ]
29 verbose readDependencies using package.json deps
30 verbose cache add [ 'bower@1.3.12', null ]
31 verbose cache add name=undefined spec="bower@1.3.12" args=["bower@1.3.12",null]
32 verbose parsed url { protocol: null,
32 verbose parsed url   slashes: null,
32 verbose parsed url   auth: null,
32 verbose parsed url   host: null,
32 verbose parsed url   port: null,
32 verbose parsed url   hostname: null,
32 verbose parsed url   hash: null,
32 verbose parsed url   search: null,
32 verbose parsed url   query: null,
32 verbose parsed url   pathname: 'bower@1.3.12',
32 verbose parsed url   path: 'bower@1.3.12',
32 verbose parsed url   href: 'bower@1.3.12' }
33 verbose cache add name="bower" spec="1.3.12" args=["bower","1.3.12"]
34 verbose parsed url { protocol: null,
34 verbose parsed url   slashes: null,
34 verbose parsed url   auth: null,
34 verbose parsed url   host: null,
34 verbose parsed url   port: null,
34 verbose parsed url   hostname: null,
34 verbose parsed url   hash: null,
34 verbose parsed url   search: null,
34 verbose parsed url   query: null,
34 verbose parsed url   pathname: '1.3.12',
34 verbose parsed url   path: '1.3.12',
34 verbose parsed url   href: '1.3.12' }
35 verbose addNamed [ 'bower', '1.3.12' ]
36 verbose addNamed [ '1.3.12', '1.3.12' ]
37 silly lockFile 9819431c-bower-1-3-12 bower@1.3.12
38 verbose lock bower@1.3.12 /Users/apicazojr/.npm/9819431c-bower-1-3-12.lock
39 verbose cache add [ 'bower@1.3.12', null ]
40 verbose cache add name=undefined spec="bower@1.3.12" args=["bower@1.3.12",null]
41 verbose parsed url { protocol: null,
41 verbose parsed url   slashes: null,
41 verbose parsed url   auth: null,
41 verbose parsed url   host: null,
41 verbose parsed url   port: null,
41 verbose parsed url   hostname: null,
41 verbose parsed url   hash: null,
41 verbose parsed url   search: null,
41 verbose parsed url   query: null,
41 verbose parsed url   pathname: 'bower@1.3.12',
41 verbose parsed url   path: 'bower@1.3.12',
41 verbose parsed url   href: 'bower@1.3.12' }
42 verbose cache add name="bower" spec="1.3.12" args=["bower","1.3.12"]
43 verbose parsed url { protocol: null,
43 verbose parsed url   slashes: null,
43 verbose parsed url   auth: null,
43 verbose parsed url   host: null,
43 verbose parsed url   port: null,
43 verbose parsed url   hostname: null,
43 verbose parsed url   hash: null,
43 verbose parsed url   search: null,
43 verbose parsed url   query: null,
43 verbose parsed url   pathname: '1.3.12',
43 verbose parsed url   path: '1.3.12',
43 verbose parsed url   href: '1.3.12' }
44 verbose addNamed [ 'bower', '1.3.12' ]
45 verbose registry.get https://registry.npmjs.org/bower not expired, no request
46 silly lockFile b05fd70b-npmjs-org-bower-bower-1-3-12-tgz https://registry.npmjs.org/bower/-/bower-1.3.12.tgz
47 verbose lock https://registry.npmjs.org/bower/-/bower-1.3.12.tgz /Users/apicazojr/.npm/b05fd70b-npmjs-org-bower-bower-1-3-12-tgz.lock
48 verbose addRemoteTarball [ 'https://registry.npmjs.org/bower/-/bower-1.3.12.tgz',
48 verbose addRemoteTarball   '37de0edb3904baf90aee13384a1a379a05ee214c' ]
49 info retry fetch attempt 1 at 00:02:16
50 verbose fetch to= /var/folders/pg/d1m_vnxs1y7cktys4fk404hm0000gn/T/npm-9248-iElRENwJ/registry.npmjs.org/bower/-/bower-1.3.12.tgz
51 http GET https://registry.npmjs.org/bower/-/bower-1.3.12.tgz
52 http 200 https://registry.npmjs.org/bower/-/bower-1.3.12.tgz
53 silly lockFile b05fd70b-npmjs-org-bower-bower-1-3-12-tgz https://registry.npmjs.org/bower/-/bower-1.3.12.tgz
54 silly lockFile b05fd70b-npmjs-org-bower-bower-1-3-12-tgz https://registry.npmjs.org/bower/-/bower-1.3.12.tgz
55 silly lockFile 9819431c-bower-1-3-12 bower@1.3.12
56 silly lockFile 9819431c-bower-1-3-12 bower@1.3.12
57 silly resolved [ { name: 'bower',
57 silly resolved     version: '1.3.12',
57 silly resolved     description: 'The browser package manager',
57 silly resolved     author: { name: 'Twitter' },
57 silly resolved     licenses: [ [Object] ],
57 silly resolved     repository: { type: 'git', url: 'https://github.com/bower/bower' },
57 silly resolved     main: 'lib',
57 silly resolved     homepage: 'http://bower.io',
57 silly resolved     engines: { node: '>=0.10.0' },
57 silly resolved     dependencies:
57 silly resolved      { abbrev: '~1.0.4',
57 silly resolved        archy: '0.0.2',
57 silly resolved        'bower-config': '~0.5.2',
57 silly resolved        'bower-endpoint-parser': '~0.2.2',
57 silly resolved        'bower-json': '~0.4.0',
57 silly resolved        'bower-logger': '~0.2.2',
57 silly resolved        'bower-registry-client': '~0.2.0',
57 silly resolved        cardinal: '0.4.0',
57 silly resolved        chalk: '0.5.0',
57 silly resolved        chmodr: '0.1.0',
57 silly resolved        'decompress-zip': '0.0.8',
57 silly resolved        fstream: '~1.0.2',
57 silly resolved        'fstream-ignore': '~1.0.1',
57 silly resolved        glob: '~4.0.2',
57 silly resolved        'graceful-fs': '~3.0.1',
57 silly resolved        handlebars: '~2.0.0',
57 silly resolved        inquirer: '0.7.1',
57 silly resolved        insight: '0.4.3',
57 silly resolved        'is-root': '~1.0.0',
57 silly resolved        junk: '~1.0.0',
57 silly resolved        lockfile: '~1.0.0',
57 silly resolved        'lru-cache': '~2.5.0',
57 silly resolved        mkdirp: '0.5.0',
57 silly resolved        mout: '~0.9.0',
57 silly resolved        nopt: '~3.0.0',
57 silly resolved        opn: '~1.0.0',
57 silly resolved        osenv: '0.1.0',
57 silly resolved        'p-throttler': '0.1.0',
57 silly resolved        promptly: '0.2.0',
57 silly resolved        q: '~1.0.1',
57 silly resolved        request: '~2.42.0',
57 silly resolved        'request-progress': '0.3.0',
57 silly resolved        retry: '0.6.0',
57 silly resolved        rimraf: '~2.2.0',
57 silly resolved        semver: '~2.3.0',
57 silly resolved        'shell-quote': '~1.4.1',
57 silly resolved        'stringify-object': '~1.0.0',
57 silly resolved        'tar-fs': '0.5.2',
57 silly resolved        tmp: '0.0.23',
57 silly resolved        'update-notifier': '0.2.0',
57 silly resolved        which: '~1.0.5' },
57 silly resolved     devDependencies:
57 silly resolved      { coveralls: '~2.11.0',
57 silly resolved        'expect.js': '~0.3.1',
57 silly resolved        grunt: '~0.4.4',
57 silly resolved        'grunt-cli': '^0.1.13',
57 silly resolved        'grunt-contrib-jshint': '~0.10.0',
57 silly resolved        'grunt-contrib-watch': '~0.6.1',
57 silly resolved        'grunt-exec': '~0.4.2',
57 silly resolved        'grunt-simple-mocha': '~0.4.0',
57 silly resolved        istanbul: '~0.3.2',
57 silly resolved        'load-grunt-tasks': '~0.6.0',
57 silly resolved        mocha: '~1.21.4',
57 silly resolved        nock: '~0.46.0',
57 silly resolved        'node-uuid': '~1.4.1',
57 silly resolved        proxyquire: '~1.0.1' },
57 silly resolved     scripts: { test: 'grunt test' },
57 silly resolved     bin: { bower: 'bin/bower' },
57 silly resolved     preferGlobal: true,
57 silly resolved     gitHead: 'b26c072f0db054a1902ec4d2e3726dbf8a1c799a',
57 silly resolved     bugs: { url: 'https://github.com/bower/bower/issues' },
57 silly resolved     _id: 'bower@1.3.12',
57 silly resolved     _shasum: '37de0edb3904baf90aee13384a1a379a05ee214c',
57 silly resolved     _from: 'bower@1.3.12',
57 silly resolved     _npmVersion: '2.0.0',
57 silly resolved     _npmUser: { name: 'sheerun', email: 'sheerun@sher.pl' },
57 silly resolved     maintainers: [ [Object], [Object], [Object], [Object], [Object], [Object] ],
57 silly resolved     dist:
57 silly resolved      { shasum: '37de0edb3904baf90aee13384a1a379a05ee214c',
57 silly resolved        tarball: 'http://registry.npmjs.org/bower/-/bower-1.3.12.tgz' },
57 silly resolved     directories: {},
57 silly resolved     _resolved: 'https://registry.npmjs.org/bower/-/bower-1.3.12.tgz' } ]
58 info install bower@1.3.12 into /usr/local/lib/node_modules/meanio
59 info installOne bower@1.3.12
60 silly resolved [ { name: 'bower',
60 silly resolved     version: '1.3.12',
60 silly resolved     description: 'The browser package manager',
60 silly resolved     author: { name: 'Twitter' },
60 silly resolved     licenses: [ [Object] ],
60 silly resolved     repository: { type: 'git', url: 'https://github.com/bower/bower' },
60 silly resolved     main: 'lib',
60 silly resolved     homepage: 'http://bower.io',
60 silly resolved     engines: { node: '>=0.10.0' },
60 silly resolved     dependencies:
60 silly resolved      { abbrev: '~1.0.4',
60 silly resolved        archy: '0.0.2',
60 silly resolved        'bower-config': '~0.5.2',
60 silly resolved        'bower-endpoint-parser': '~0.2.2',
60 silly resolved        'bower-json': '~0.4.0',
60 silly resolved        'bower-logger': '~0.2.2',
60 silly resolved        'bower-registry-client': '~0.2.0',
60 silly resolved        cardinal: '0.4.0',
60 silly resolved        chalk: '0.5.0',
60 silly resolved        chmodr: '0.1.0',
60 silly resolved        'decompress-zip': '0.0.8',
60 silly resolved        fstream: '~1.0.2',
60 silly resolved        'fstream-ignore': '~1.0.1',
60 silly resolved        glob: '~4.0.2',
60 silly resolved        'graceful-fs': '~3.0.1',
60 silly resolved        handlebars: '~2.0.0',
60 silly resolved        inquirer: '0.7.1',
60 silly resolved        insight: '0.4.3',
60 silly resolved        'is-root': '~1.0.0',
60 silly resolved        junk: '~1.0.0',
60 silly resolved        lockfile: '~1.0.0',
60 silly resolved        'lru-cache': '~2.5.0',
60 silly resolved        mkdirp: '0.5.0',
60 silly resolved        mout: '~0.9.0',
60 silly resolved        nopt: '~3.0.0',
60 silly resolved        opn: '~1.0.0',
60 silly resolved        osenv: '0.1.0',
60 silly resolved        'p-throttler': '0.1.0',
60 silly resolved        promptly: '0.2.0',
60 silly resolved        q: '~1.0.1',
60 silly resolved        request: '~2.42.0',
60 silly resolved        'request-progress': '0.3.0',
60 silly resolved        retry: '0.6.0',
60 silly resolved        rimraf: '~2.2.0',
60 silly resolved        semver: '~2.3.0',
60 silly resolved        'shell-quote': '~1.4.1',
60 silly resolved        'stringify-object': '~1.0.0',
60 silly resolved        'tar-fs': '0.5.2',
60 silly resolved        tmp: '0.0.23',
60 silly resolved        'update-notifier': '0.2.0',
60 silly resolved        which: '~1.0.5' },
60 silly resolved     devDependencies:
60 silly resolved      { coveralls: '~2.11.0',
60 silly resolved        'expect.js': '~0.3.1',
60 silly resolved        grunt: '~0.4.4',
60 silly resolved        'grunt-cli': '^0.1.13',
60 silly resolved        'grunt-contrib-jshint': '~0.10.0',
60 silly resolved        'grunt-contrib-watch': '~0.6.1',
60 silly resolved        'grunt-exec': '~0.4.2',
60 silly resolved        'grunt-simple-mocha': '~0.4.0',
60 silly resolved        istanbul: '~0.3.2',
60 silly resolved        'load-grunt-tasks': '~0.6.0',
60 silly resolved        mocha: '~1.21.4',
60 silly resolved        nock: '~0.46.0',
60 silly resolved        'node-uuid': '~1.4.1',
60 silly resolved        proxyquire: '~1.0.1' },
60 silly resolved     scripts: { test: 'grunt test' },
60 silly resolved     bin: { bower: 'bin/bower' },
60 silly resolved     preferGlobal: true,
60 silly resolved     gitHead: 'b26c072f0db054a1902ec4d2e3726dbf8a1c799a',
60 silly resolved     bugs: { url: 'https://github.com/bower/bower/issues' },
60 silly resolved     _id: 'bower@1.3.12',
60 silly resolved     _shasum: '37de0edb3904baf90aee13384a1a379a05ee214c',
60 silly resolved     _from: 'bower@1.3.12',
60 silly resolved     _npmVersion: '2.0.0',
60 silly resolved     _npmUser: { name: 'sheerun', email: 'sheerun@sher.pl' },
60 silly resolved     maintainers: [ [Object], [Object], [Object], [Object], [Object], [Object] ],
60 silly resolved     dist:
60 silly resolved      { shasum: '37de0edb3904baf90aee13384a1a379a05ee214c',
60 silly resolved        tarball: 'http://registry.npmjs.org/bower/-/bower-1.3.12.tgz' },
60 silly resolved     directories: {},
60 silly resolved     _resolved: 'https://registry.npmjs.org/bower/-/bower-1.3.12.tgz' } ]
61 info install bower@1.3.12 into /usr/local/lib
62 info installOne bower@1.3.12
63 verbose lib/node_modules/meanio/node_modules/bower unbuild
64 info preuninstall bower@1.3.9
65 verbose lib/node_modules/bower unbuild
66 info preuninstall bower@1.3.9
67 info uninstall bower@1.3.9
68 info uninstall bower@1.3.9
69 verbose false,/usr/local/lib/node_modules,/usr/local/lib/node_modules/meanio/node_modules unbuild bower@1.3.9
70 verbose /usr/local/lib/node_modules/meanio/node_modules/.bin,[object Object] binRoot
71 verbose true,/usr/local/lib/node_modules,/usr/local/lib/node_modules unbuild bower@1.3.9
72 verbose /usr/local/bin,[object Object] binRoot
73 info postuninstall bower@1.3.9
74 verbose lib/node_modules/bower unbuild
75 info preuninstall bower@1.3.9
76 info uninstall bower@1.3.9
77 verbose true,/usr/local/lib/node_modules,/usr/local/lib/node_modules unbuild bower@1.3.9
78 verbose /usr/local/bin,[object Object] binRoot
79 info postuninstall bower@1.3.9
80 error error rolling back Error: EACCES, unlink '/usr/local/lib/node_modules/bower'
80 error error rolling back     at Error (native)
80 error error rolling back  bower@1.3.12 { [Error: EACCES, unlink '/usr/local/lib/node_modules/bower']
80 error error rolling back   stack: 'Error: EACCES, unlink \'/usr/local/lib/node_modules/bower\'\n    at Error (native)',
80 error error rolling back   errno: -13,
80 error error rolling back   code: 'EACCES',
80 error error rolling back   path: '/usr/local/lib/node_modules/bower' }
81 error Error: EACCES, unlink '/usr/local/lib/node_modules/bower'
81 error     at Error (native)
81 error  { [Error: EACCES, unlink '/usr/local/lib/node_modules/bower']
81 error   stack: 'Error: EACCES, unlink \'/usr/local/lib/node_modules/bower\'\n    at Error (native)',
81 error   errno: -13,
81 error   code: 'EACCES',
81 error   path: '/usr/local/lib/node_modules/bower' }
82 error Please try running this command again as root/Administrator.
83 error System Darwin 13.4.0
84 error command "/usr/local/bin/node" "/usr/local/bin/npm" "update" "-g" "bower"
85 error cwd /Users/apicazojr/Homestead/Projects/fljversion1
86 error node -v v0.13.0-pre
87 error npm -v 1.4.21
88 error path /usr/local/lib/node_modules/bower
89 error code EACCES
90 error errno -13
91 error stack Error: EACCES, unlink '/usr/local/lib/node_modules/bower'
91 error stack     at Error (native)
92 verbose exit [ -13, true ]
